
  .   ____          _            __ _ _
 /\\ / ___'_ __ _ _(_)_ __  __ _ \ \ \ \
( ( )\___ | '_ | '_| | '_ \/ _` | \ \ \ \
 \\/  ___)| |_)| | | | | || (_| |  ) ) ) )
  '  |____| .__|_| |_|_| |_\__, | / / / /
 =========|_|==============|___/=/_/_/_/

 :: Spring Boot ::                (v3.5.3)

2025-06-22T10:53:11.745+05:30  INFO 5964 --- [ToDoApp] [           main] com.app.mytodo.MytodoApplication         : Starting MytodoApplication v0.0.1-SNAPSHOT using Java 21.0.6 with PID 5964 (S:\projects\MyTodoApp - user product\MyTodoApp\MytodoApp-0.0.1-SNAPSHOT.jar started by Yasin in S:\projects\MyTodoApp - user product\MyTodoApp)
2025-06-22T10:53:11.752+05:30  INFO 5964 --- [ToDoApp] [           main] com.app.mytodo.MytodoApplication         : No active profile set, falling back to 1 default profile: "default"
2025-06-22T10:53:12.534+05:30  INFO 5964 --- [ToDoApp] [           main] .s.d.r.c.RepositoryConfigurationDelegate : Bootstrapping Spring Data JPA repositories in DEFAULT mode.
2025-06-22T10:53:12.587+05:30  INFO 5964 --- [ToDoApp] [           main] .s.d.r.c.RepositoryConfigurationDelegate : Finished Spring Data repository scanning in 41 ms. Found 2 JPA repository interfaces.
2025-06-22T10:53:13.071+05:30  INFO 5964 --- [ToDoApp] [           main] o.s.b.w.embedded.tomcat.TomcatWebServer  : Tomcat initialized with port 8081 (http)
2025-06-22T10:53:13.083+05:30  INFO 5964 --- [ToDoApp] [           main] o.apache.catalina.core.StandardService   : Starting service [Tomcat]
2025-06-22T10:53:13.084+05:30  INFO 5964 --- [ToDoApp] [           main] o.apache.catalina.core.StandardEngine    : Starting Servlet engine: [Apache Tomcat/10.1.42]
2025-06-22T10:53:13.109+05:30  INFO 5964 --- [ToDoApp] [           main] o.a.c.c.C.[Tomcat].[localhost].[/]       : Initializing Spring embedded WebApplicationContext
2025-06-22T10:53:13.110+05:30  INFO 5964 --- [ToDoApp] [           main] w.s.c.ServletWebServerApplicationContext : Root WebApplicationContext: initialization completed in 1305 ms
2025-06-22T10:53:13.420+05:30  INFO 5964 --- [ToDoApp] [           main] o.hibernate.jpa.internal.util.LogHelper  : HHH000204: Processing PersistenceUnitInfo [name: default]
2025-06-22T10:53:13.471+05:30  INFO 5964 --- [ToDoApp] [           main] org.hibernate.Version                    : HHH000412: Hibernate ORM core version 6.6.18.Final
2025-06-22T10:53:13.500+05:30  INFO 5964 --- [ToDoApp] [           main] o.h.c.internal.RegionFactoryInitiator    : HHH000026: Second-level cache disabled
2025-06-22T10:53:13.833+05:30  INFO 5964 --- [ToDoApp] [           main] o.s.o.j.p.SpringPersistenceUnitInfo      : No LoadTimeWeaver setup: ignoring JPA class transformer
2025-06-22T10:53:13.873+05:30  INFO 5964 --- [ToDoApp] [           main] com.zaxxer.hikari.HikariDataSource       : HikariPool-1 - Starting...
2025-06-22T10:53:13.999+05:30  INFO 5964 --- [ToDoApp] [           main] com.zaxxer.hikari.pool.HikariPool        : HikariPool-1 - Added connection conn0: url=jdbc:h2:mem:todo_db user=SA
2025-06-22T10:53:14.001+05:30  INFO 5964 --- [ToDoApp] [           main] com.zaxxer.hikari.HikariDataSource       : HikariPool-1 - Start completed.
2025-06-22T10:53:14.038+05:30  INFO 5964 --- [ToDoApp] [           main] org.hibernate.orm.connections.pooling    : HHH10001005: Database info:
	Database JDBC URL [Connecting through datasource 'HikariDataSource (HikariPool-1)']
	Database driver: undefined/unknown
	Database version: 2.3.232
	Autocommit mode: undefined/unknown
	Isolation level: undefined/unknown
	Minimum pool size: undefined/unknown
	Maximum pool size: undefined/unknown
2025-06-22T10:53:14.553+05:30  INFO 5964 --- [ToDoApp] [           main] o.h.e.t.j.p.i.JtaPlatformInitiator       : HHH000489: No JTA platform available (set 'hibernate.transaction.jta.platform' to enable JTA platform integration)
2025-06-22T10:53:14.593+05:30  INFO 5964 --- [ToDoApp] [           main] j.LocalContainerEntityManagerFactoryBean : Initialized JPA EntityManagerFactory for persistence unit 'default'
2025-06-22T10:53:14.953+05:30  INFO 5964 --- [ToDoApp] [           main] o.s.d.j.r.query.QueryEnhancerFactory     : Hibernate is in classpath; If applicable, HQL parser will be used.
2025-06-22T10:53:15.407+05:30  INFO 5964 --- [ToDoApp] [           main] com.app.mytodo.constant.FileObjects      : Initiated BASE_DIR : ./myfiles
2025-06-22T10:53:15.527+05:30  WARN 5964 --- [ToDoApp] [           main] JpaBaseConfiguration$JpaWebConfiguration : spring.jpa.open-in-view is enabled by default. Therefore, database queries may be performed during view rendering. Explicitly configure spring.jpa.open-in-view to disable this warning
2025-06-22T10:53:15.968+05:30  INFO 5964 --- [ToDoApp] [           main] o.s.b.a.h2.H2ConsoleAutoConfiguration    : H2 console available at '/h2-console'. Database available at 'jdbc:h2:mem:todo_db'
2025-06-22T10:53:15.983+05:30  INFO 5964 --- [ToDoApp] [           main] o.s.b.a.e.web.EndpointLinksResolver      : Exposing 1 endpoint beneath base path '/actuator'
2025-06-22T10:53:16.106+05:30  INFO 5964 --- [ToDoApp] [           main] o.s.b.w.embedded.tomcat.TomcatWebServer  : Tomcat started on port 8081 (http) with context path '/'
2025-06-22T10:53:16.116+05:30  INFO 5964 --- [ToDoApp] [           main] com.app.mytodo.MytodoApplication         : Started MytodoApplication in 4.742 seconds (process running for 5.185)
2025-06-22T10:53:16.178+05:30  INFO 5964 --- [ToDoApp] [           main] com.app.mytodo.config.DataLoader         : Loading tasks from file: S:\projects\MyTodoApp - user product\MyTodoApp\.\myfiles\my_tasks.json
2025-06-22T10:53:16.273+05:30  INFO 5964 --- [ToDoApp] [           main] com.app.mytodo.config.DataLoader         : Loading status menu from file: S:\projects\MyTodoApp - user product\MyTodoApp\.\myfiles\status_menu.json
2025-06-22T10:53:26.227+05:30  INFO 5964 --- [ToDoApp] [nio-8081-exec-1] o.a.c.c.C.[Tomcat].[localhost].[/]       : Initializing Spring DispatcherServlet 'dispatcherServlet'
2025-06-22T10:53:26.227+05:30  INFO 5964 --- [ToDoApp] [nio-8081-exec-1] o.s.web.servlet.DispatcherServlet        : Initializing Servlet 'dispatcherServlet'
2025-06-22T10:53:26.230+05:30  INFO 5964 --- [ToDoApp] [nio-8081-exec-1] o.s.web.servlet.DispatcherServlet        : Completed initialization in 3 ms
2025-06-22T10:53:30.473+05:30  INFO 5964 --- [ToDoApp] [nio-8081-exec-2] com.app.mytodo.service.HomeService       : Task moving left MyTask{id=1, description='test1', status='In Progress', createdAt=2025-06-22T10:34:50.719495, updatedAt=2025-06-22T10:53:30.473789700, version=0}
2025-06-22T10:53:38.832+05:30  INFO 5964 --- [ToDoApp] [       Thread-1] o.s.b.w.e.tomcat.GracefulShutdown        : Commencing graceful shutdown. Waiting for active requests to complete
2025-06-22T10:53:38.841+05:30  INFO 5964 --- [ToDoApp] [tomcat-shutdown] o.s.b.w.e.tomcat.GracefulShutdown        : Graceful shutdown complete
2025-06-22T10:53:38.932+05:30  INFO 5964 --- [ToDoApp] [       Thread-1] com.app.mytodo.config.DataSaver          : Saved the tasks to json file: .\myfiles\my_tasks.json
2025-06-22T10:53:38.938+05:30  INFO 5964 --- [ToDoApp] [       Thread-1] j.LocalContainerEntityManagerFactoryBean : Closing JPA EntityManagerFactory for persistence unit 'default'
2025-06-22T10:53:38.940+05:30  INFO 5964 --- [ToDoApp] [       Thread-1] com.zaxxer.hikari.HikariDataSource       : HikariPool-1 - Shutdown initiated...
2025-06-22T10:53:38.942+05:30  INFO 5964 --- [ToDoApp] [       Thread-1] com.zaxxer.hikari.HikariDataSource       : HikariPool-1 - Shutdown completed.
